#-----------------------------------------------------------
# Vivado v2019.2 (64-bit)
# SW Build 2708876 on Wed Nov  6 21:40:23 MST 2019
# IP Build 2700528 on Thu Nov  7 00:09:20 MST 2019
# Start of session at: Sat Mar 11 22:01:08 2023
# Process ID: 14468
# Current directory: D:/Vivado_prj/ZYNQXC7Z020
# Command line: vivado.exe -gui_launcher_event rodinguilauncherevent5268 D:\Vivado_prj\ZYNQXC7Z020\ZYNQXC7Z020.xpr
# Log file: D:/Vivado_prj/ZYNQXC7Z020/vivado.log
# Journal file: D:/Vivado_prj/ZYNQXC7Z020\vivado.jou
#-----------------------------------------------------------
start_gui
open_project D:/Vivado_prj/ZYNQXC7Z020/ZYNQXC7Z020.xpr
INFO: [Project 1-313] Project file moved from 'D:/rooth/fpga/xilinx/ZYNQXC7Z020' since last save.
Scanning sources...
Finished scanning sources
INFO: [IP_Flow 19-234] Refreshing IP repositories
INFO: [IP_Flow 19-1704] No user IP repositories specified
INFO: [IP_Flow 19-2313] Loaded Vivado IP repository 'C:/Xilinx/Vivado/2019.2/data/ip'.
open_project: Time (s): cpu = 00:00:08 ; elapsed = 00:00:07 . Memory (MB): peak = 932.652 ; gain = 254.938
update_compile_order -fileset sources_1
WARNING: [IP_Flow 19-4067] Ignoring invalid widget type specified checkbox.Providing a default widget
WARNING: [IP_Flow 19-4067] Ignoring invalid widget type specified checkbox.Providing a default widget
exit
INFO: [Common 17-206] Exiting Vivado at Sat Mar 11 22:03:24 2023...
