Copyright 1986-2019 Xilinx, Inc. All Rights Reserved.
-------------------------------------------------------------------------------------------------------------------------------------------------
| Tool Version     : Vivado v.2019.2 (win64) Build 2708876 Wed Nov  6 21:40:23 MST 2019
| Date             : Fri Apr 28 17:52:33 2023
| Host             : Z2-R running 64-bit major release  (build 9200)
| Command          : report_power -file rooth_soc_power_routed.rpt -pb rooth_soc_power_summary_routed.pb -rpx rooth_soc_power_routed.rpx
| Design           : rooth_soc
| Device           : xc7z020clg400-2
| Design State     : routed
| Grade            : commercial
| Process          : typical
| Characterization : Production
-------------------------------------------------------------------------------------------------------------------------------------------------

Power Report

Table of Contents
-----------------
1. Summary
1.1 On-Chip Components
1.2 Power Supply Summary
1.3 Confidence Level
2. Settings
2.1 Environment
2.2 Clock Constraints
3. Detailed Reports
3.1 By Hierarchy

1. Summary
----------

+--------------------------+--------------+
| Total On-Chip Power (W)  | 0.288        |
| Design Power Budget (W)  | Unspecified* |
| Power Budget Margin (W)  | NA           |
| Dynamic (W)              | 0.178        |
| Device Static (W)        | 0.110        |
| Effective TJA (C/W)      | 11.5         |
| Max Ambient (C)          | 81.7         |
| Junction Temperature (C) | 28.3         |
| Confidence Level         | Low          |
| Setting File             | ---          |
| Simulation Activity File | ---          |
| Design Nets Matched      | NA           |
+--------------------------+--------------+
* Specify Design Power Budget using, set_operating_conditions -design_power_budget <value in Watts>


1.1 On-Chip Components
----------------------

+-------------------------+-----------+----------+-----------+-----------------+
| On-Chip                 | Power (W) | Used     | Available | Utilization (%) |
+-------------------------+-----------+----------+-----------+-----------------+
| Clocks                  |     0.008 |        6 |       --- |             --- |
| Slice Logic             |     0.002 |    10197 |       --- |             --- |
|   LUT as Logic          |     0.002 |     4896 |     53200 |            9.20 |
|   CARRY4                |    <0.001 |      195 |     13300 |            1.47 |
|   Register              |    <0.001 |     3566 |    106400 |            3.35 |
|   F7/F8 Muxes           |    <0.001 |      460 |     53200 |            0.86 |
|   BUFG                  |    <0.001 |        2 |        32 |            6.25 |
|   LUT as Shift Register |    <0.001 |        2 |     17400 |            0.01 |
|   Others                |     0.000 |      107 |       --- |             --- |
| Signals                 |     0.004 |     7953 |       --- |             --- |
| Block RAM               |     0.002 |     22.5 |       140 |           16.07 |
| PLL                     |     0.155 |        1 |         4 |           25.00 |
| I/O                     |     0.007 |       34 |       125 |           27.20 |
| Static Power            |     0.110 |          |           |                 |
| Total                   |     0.288 |          |           |                 |
+-------------------------+-----------+----------+-----------+-----------------+


1.2 Power Supply Summary
------------------------

+-----------+-------------+-----------+-------------+------------+
| Source    | Voltage (V) | Total (A) | Dynamic (A) | Static (A) |
+-----------+-------------+-----------+-------------+------------+
| Vccint    |       1.000 |     0.040 |       0.032 |      0.008 |
| Vccaux    |       1.800 |     0.088 |       0.077 |      0.011 |
| Vcco33    |       3.300 |     0.003 |       0.002 |      0.001 |
| Vcco25    |       2.500 |     0.000 |       0.000 |      0.000 |
| Vcco18    |       1.800 |     0.000 |       0.000 |      0.000 |
| Vcco15    |       1.500 |     0.000 |       0.000 |      0.000 |
| Vcco135   |       1.350 |     0.000 |       0.000 |      0.000 |
| Vcco12    |       1.200 |     0.000 |       0.000 |      0.000 |
| Vccaux_io |       1.800 |     0.000 |       0.000 |      0.000 |
| Vccbram   |       1.000 |     0.001 |       0.000 |      0.001 |
| MGTAVcc   |       1.000 |     0.000 |       0.000 |      0.000 |
| MGTAVtt   |       1.200 |     0.000 |       0.000 |      0.000 |
| MGTVccaux |       1.800 |     0.000 |       0.000 |      0.000 |
| Vccpint   |       1.000 |     0.017 |       0.000 |      0.017 |
| Vccpaux   |       1.800 |     0.010 |       0.000 |      0.010 |
| Vccpll    |       1.800 |     0.003 |       0.000 |      0.003 |
| Vcco_ddr  |       1.500 |     0.000 |       0.000 |      0.000 |
| Vcco_mio0 |       1.800 |     0.000 |       0.000 |      0.000 |
| Vcco_mio1 |       1.800 |     0.000 |       0.000 |      0.000 |
| Vccadc    |       1.800 |     0.020 |       0.000 |      0.020 |
+-----------+-------------+-----------+-------------+------------+


1.3 Confidence Level
--------------------

+-----------------------------+------------+--------------------------------------------------------+--------------------------------------------------------------------------------------------------------------------+
| User Input Data             | Confidence | Details                                                | Action                                                                                                             |
+-----------------------------+------------+--------------------------------------------------------+--------------------------------------------------------------------------------------------------------------------+
| Design implementation state | High       | Design is routed                                       |                                                                                                                    |
| Clock nodes activity        | Medium     | More than 5% of clocks are missing user specification  | Provide missing clock activity with a constraint file, simulation results or by editing the "By Clock Domain" view |
| I/O nodes activity          | Low        | More than 75% of inputs are missing user specification | Provide missing input activity with simulation results or by editing the "By Resource Type -> I/Os" view           |
| Internal nodes activity     | Medium     | User specified less than 25% of internal nodes         | Provide missing internal nodes activity with simulation results or by editing the "By Resource Type" views         |
| Device models               | High       | Device models are Production                           |                                                                                                                    |
|                             |            |                                                        |                                                                                                                    |
| Overall confidence level    | Low        |                                                        |                                                                                                                    |
+-----------------------------+------------+--------------------------------------------------------+--------------------------------------------------------------------------------------------------------------------+


2. Settings
-----------

2.1 Environment
---------------

+-----------------------+------------------------+
| Ambient Temp (C)      | 25.0                   |
| ThetaJA (C/W)         | 11.5                   |
| Airflow (LFM)         | 250                    |
| Heat Sink             | none                   |
| ThetaSA (C/W)         | 0.0                    |
| Board Selection       | medium (10"x10")       |
| # of Board Layers     | 8to11 (8 to 11 Layers) |
| Board Temperature (C) | 25.0                   |
+-----------------------+------------------------+


2.2 Clock Constraints
---------------------

+------------------+------------------------------------+-----------------+
| Clock            | Domain                             | Constraint (ns) |
+------------------+------------------------------------+-----------------+
| clk_out1_clk_pll | clk_pll_inst/inst/clk_out1_clk_pll |            20.0 |
| clk_out2_clk_pll | clk_pll_inst/inst/clk_out2_clk_pll |            20.0 |
| clkfbout_clk_pll | clk_pll_inst/inst/clkfbout_clk_pll |            20.0 |
| refer_clk        | refer_clk                          |            20.0 |
+------------------+------------------------------------+-----------------+


3. Detailed Reports
-------------------

3.1 By Hierarchy
----------------

+------------------------+-----------+
| Name                   | Power (W) |
+------------------------+-----------+
| rooth_soc              |     0.178 |
|   clk_pll_inst         |     0.155 |
|     inst               |     0.155 |
|   data_mem_0           |     0.001 |
|     U0                 |     0.001 |
|       inst_blk_mem_gen |     0.001 |
|   u_jtag_top           |     0.001 |
|     u_jtag_dm          |     0.001 |
|   u_rooth_0            |     0.010 |
|     u_div_0            |     0.001 |
|     u_if_ex_0          |     0.001 |
|     u_if_wb_0          |     0.002 |
|     u_regs_file_0      |     0.002 |
|   u_sd_boot_top        |     0.003 |
|     u_sd_boot_ctrl     |     0.001 |
|     u_sd_ctrl_top      |     0.001 |
|       u_sd_read        |     0.001 |
+------------------------+-----------+


