Start Parser FileList: /home/eda/Project/rooth/core/vtags.db/parser_out/parser_pub.fileslist
FILE:/home/eda/Project/rooth/core/vtags.db/parser_out/parser_pub.fileslist
FILE:/home/eda/Project/rooth/core/inst_mem.v
RTL WARNING 14-0: include file not found: "rooth_defines.v"
FILE:/home/eda/Project/rooth/core/if_ex.v
RTL WARNING 15-0: include file not found: "rooth_defines.v"
FILE:/home/eda/Project/rooth/core/flow_ctrl.v
RTL WARNING 15-0: include file not found: "rooth_defines.v"
FILE:/home/eda/Project/rooth/core/csr_reg.v
RTL WARNING 14-0: include file not found: "rooth_defines.v"
FILE:/home/eda/Project/rooth/core/regs_file.v
RTL WARNING 14-0: include file not found: "rooth_defines.v"
FILE:/home/eda/Project/rooth/core/mux_alu.v
RTL WARNING 14-0: include file not found: "rooth_defines.v"
FILE:/home/eda/Project/rooth/core/rooth_defines.v
FILE:/home/eda/Project/rooth/core/alu_core.v
RTL WARNING 15-0: include file not found: "rooth_defines.v"
FILE:/home/eda/Project/rooth/core/if_de.v
RTL WARNING 16-0: include file not found: "rooth_defines.v"
FILE:/home/eda/Project/rooth/core/data_mem.v
RTL WARNING 14-0: include file not found: "rooth_defines.v"
FILE:/home/eda/Project/rooth/core/pc_reg.v
RTL WARNING 13-0: include file not found: "rooth_defines.v"
FILE:/home/eda/Project/rooth/core/if_as.v
RTL WARNING 15-0: include file not found: "rooth_defines.v"
FILE:/home/eda/Project/rooth/core/imm_gen.v
RTL WARNING 14-0: include file not found: "rooth_defines.v"
FILE:/home/eda/Project/rooth/core/rooth.v
RTL WARNING 16-0: include file not found: "rooth_defines.v"
FILE:/home/eda/Project/rooth/core/alu_res_ctrl.v
RTL WARNING 14-0: include file not found: "rooth_defines.v"
FILE:/home/eda/Project/rooth/core/reg_clash_fb.v
RTL WARNING 14-0: include file not found: "rooth_defines.v"
RTL ERROR 44-0: io has no name !
FILE:/home/eda/Project/rooth/core/if_wb.v
RTL WARNING 15-0: include file not found: "rooth_defines.v"
FILE:/home/eda/Project/rooth/core/ctrl.v
RTL WARNING 14-0: include file not found: "rooth_defines.v"
