#-----------------------------------------------------------
# Vivado v2019.2 (64-bit)
# SW Build 2708876 on Wed Nov  6 21:40:23 MST 2019
# IP Build 2700528 on Thu Nov  7 00:09:20 MST 2019
# Start of session at: Sun Mar  5 22:14:39 2023
# Process ID: 3420
# Current directory: D:/Vivado_prj/flash_rooth
# Command line: vivado.exe -gui_launcher_event rodinguilauncherevent952 D:\Vivado_prj\flash_rooth\flash_rooth.xpr
# Log file: D:/Vivado_prj/flash_rooth/vivado.log
# Journal file: D:/Vivado_prj/flash_rooth\vivado.jou
#-----------------------------------------------------------
start_gui
open_project D:/Vivado_prj/flash_rooth/flash_rooth.xpr
Scanning sources...
Finished scanning sources
INFO: [IP_Flow 19-234] Refreshing IP repositories
INFO: [IP_Flow 19-1704] No user IP repositories specified
INFO: [IP_Flow 19-2313] Loaded Vivado IP repository 'C:/Xilinx/Vivado/2019.2/data/ip'.
open_project: Time (s): cpu = 00:00:10 ; elapsed = 00:00:08 . Memory (MB): peak = 921.883 ; gain = 256.352
update_compile_order -fileset sources_1
WARNING: [IP_Flow 19-4067] Ignoring invalid widget type specified checkbox.Providing a default widget
WARNING: [IP_Flow 19-4067] Ignoring invalid widget type specified checkbox.Providing a default widget
INFO: [IP_Flow 19-3484] Absolute path of file 'd:/Vivado_prj/flash_rooth/program/spi_oled.coe' provided. It will be converted relative to IP Instance files '../../../../program/spi_oled.coe'
set_property -dict [list CONFIG.Coe_File {D:/Vivado_prj/flash_rooth/program/spi_oled.coe}] [get_ips inst_mem]
INFO: [IP_Flow 19-3484] Absolute path of file 'd:/Vivado_prj/flash_rooth/program/spi_oled.coe' provided. It will be converted relative to IP Instance files '../../../../program/spi_oled.coe'
generate_target all [get_files  D:/Vivado_prj/flash_rooth/flash_rooth.srcs/sources_1/ip/inst_mem/inst_mem.xci]
INFO: [IP_Flow 19-1686] Generating 'Instantiation Template' target for IP 'inst_mem'...
INFO: [IP_Flow 19-1686] Generating 'Synthesis' target for IP 'inst_mem'...
INFO: [IP_Flow 19-1686] Generating 'Simulation' target for IP 'inst_mem'...
INFO: [IP_Flow 19-1686] Generating 'Miscellaneous' target for IP 'inst_mem'...
INFO: [IP_Flow 19-1686] Generating 'Change Log' target for IP 'inst_mem'...
catch { config_ip_cache -export [get_ips -all inst_mem] }
export_ip_user_files -of_objects [get_files D:/Vivado_prj/flash_rooth/flash_rooth.srcs/sources_1/ip/inst_mem/inst_mem.xci] -no_script -sync -force -quiet
create_ip_run [get_files -of_objects [get_fileset sources_1] D:/Vivado_prj/flash_rooth/flash_rooth.srcs/sources_1/ip/inst_mem/inst_mem.xci]
launch_runs -jobs 6 inst_mem_synth_1
[Sun Mar  5 22:15:51 2023] Launched inst_mem_synth_1...
Run output will be captured here: D:/Vivado_prj/flash_rooth/flash_rooth.runs/inst_mem_synth_1/runme.log
export_simulation -of_objects [get_files D:/Vivado_prj/flash_rooth/flash_rooth.srcs/sources_1/ip/inst_mem/inst_mem.xci] -directory D:/Vivado_prj/flash_rooth/flash_rooth.ip_user_files/sim_scripts -ip_user_files_dir D:/Vivado_prj/flash_rooth/flash_rooth.ip_user_files -ipstatic_source_dir D:/Vivado_prj/flash_rooth/flash_rooth.ip_user_files/ipstatic -lib_map_path [list {modelsim=D:/Vivado_prj/flash_rooth/flash_rooth.cache/compile_simlib/modelsim} {questa=D:/Vivado_prj/flash_rooth/flash_rooth.cache/compile_simlib/questa} {riviera=D:/Vivado_prj/flash_rooth/flash_rooth.cache/compile_simlib/riviera} {activehdl=D:/Vivado_prj/flash_rooth/flash_rooth.cache/compile_simlib/activehdl}] -use_ip_compiled_libs -force -quiet
reset_run synth_1
WARNING: [Vivado 12-1017] Problems encountered:
1. Failed to delete one or more files in run directory D:/Vivado_prj/flash_rooth/flash_rooth.runs/synth_1

launch_runs impl_1 -to_step write_bitstream -jobs 6
[Sun Mar  5 22:16:03 2023] Launched inst_mem_synth_1, synth_1...
Run output will be captured here:
inst_mem_synth_1: D:/Vivado_prj/flash_rooth/flash_rooth.runs/inst_mem_synth_1/runme.log
synth_1: D:/Vivado_prj/flash_rooth/flash_rooth.runs/synth_1/runme.log
[Sun Mar  5 22:16:03 2023] Launched impl_1...
Run output will be captured here: D:/Vivado_prj/flash_rooth/flash_rooth.runs/impl_1/runme.log
open_hw_manager
connect_hw_server -allow_non_jtag
INFO: [Labtools 27-2285] Connecting to hw_server url TCP:localhost:3121
INFO: [Labtools 27-2222] Launching hw_server...
INFO: [Labtools 27-2221] Launch Output:

****** Xilinx hw_server v2019.2
  **** Build date : Nov  6 2019 at 22:12:23
    ** Copyright 1986-2019 Xilinx, Inc. All Rights Reserved.


INFO: [Labtools 27-3415] Connecting to cs_server url TCP:localhost:3042
INFO: [Labtools 27-3417] Launching cs_server...
INFO: [Labtools 27-2221] Launch Output:


****** Xilinx cs_server v2019.2.0
  **** Build date : Nov 07 2019-13:28:22
    ** Copyright 2017-2019 Xilinx, Inc. All Rights Reserved.



connect_hw_server: Time (s): cpu = 00:00:01 ; elapsed = 00:00:07 . Memory (MB): peak = 1188.684 ; gain = 0.000
open_hw_target
INFO: [Labtoolstcl 44-466] Opening hw_target localhost:3121/xilinx_tcf/Digilent/210251A08870
open_hw_target: Time (s): cpu = 00:00:04 ; elapsed = 00:00:06 . Memory (MB): peak = 2321.977 ; gain = 1133.293
set_property PROGRAM.FILE {D:/Vivado_prj/flash_rooth/flash_rooth.runs/impl_1/flash_rooth_wrapper.bit} [get_hw_devices xc7z020_1]
current_hw_device [get_hw_devices xc7z020_1]
refresh_hw_device -update_hw_probes false [lindex [get_hw_devices xc7z020_1] 0]
INFO: [Labtools 27-1434] Device xc7z020 (JTAG device index = 1) is programmed with a design that has no supported debug core(s) in it.
set_property PROBES.FILE {} [get_hw_devices xc7z020_1]
set_property FULL_PROBES.FILE {} [get_hw_devices xc7z020_1]
set_property PROGRAM.FILE {D:/Vivado_prj/flash_rooth/flash_rooth.runs/impl_1/flash_rooth_wrapper.bit} [get_hw_devices xc7z020_1]
program_hw_devices [get_hw_devices xc7z020_1]
INFO: [Labtools 27-3164] End of startup status: HIGH
refresh_hw_device [lindex [get_hw_devices xc7z020_1] 0]
INFO: [Labtools 27-1434] Device xc7z020 (JTAG device index = 1) is programmed with a design that has no supported debug core(s) in it.
ERROR: [Labtoolstcl 44-513] HW Target shutdown. Closing target: localhost:3121/xilinx_tcf/Digilent/210251A08870
INFO: [Labtoolstcl 44-466] Opening hw_target localhost:3121/xilinx_tcf/Digilent/210251A08870
WARNING: [Labtoolstcl 44-129] No matching hw_ila_data was found.
INFO: [Labtools 27-1435] Device xc7z020 (JTAG device index = 1) is not programmed (DONE status = 0).
WARNING: [Labtoolstcl 44-129] No matching hw_ila_data was found.
ERROR: [Labtoolstcl 44-513] HW Target shutdown. Closing target: localhost:3121/xilinx_tcf/Digilent/210251A08870
INFO: [Labtoolstcl 44-466] Opening hw_target localhost:3121/xilinx_tcf/Digilent/210251A08870
WARNING: [Labtoolstcl 44-129] No matching hw_ila_data was found.
INFO: [Labtools 27-1434] Device xc7z020 (JTAG device index = 1) is programmed with a design that has no supported debug core(s) in it.
WARNING: [Labtoolstcl 44-129] No matching hw_ila_data was found.
ERROR: [Labtoolstcl 44-513] HW Target shutdown. Closing target: localhost:3121/xilinx_tcf/Digilent/210251A08870
INFO: [Labtoolstcl 44-466] Opening hw_target localhost:3121/xilinx_tcf/Digilent/210251A08870
WARNING: [Labtoolstcl 44-129] No matching hw_ila_data was found.
INFO: [Labtools 27-1434] Device xc7z020 (JTAG device index = 1) is programmed with a design that has no supported debug core(s) in it.
WARNING: [Labtoolstcl 44-129] No matching hw_ila_data was found.
close_hw_manager
WARNING: [IP_Flow 19-4067] Ignoring invalid widget type specified checkbox.Providing a default widget
WARNING: [IP_Flow 19-4067] Ignoring invalid widget type specified checkbox.Providing a default widget
INFO: [IP_Flow 19-3484] Absolute path of file 'd:/Vivado_prj/flash_rooth/program/demo.coe' provided. It will be converted relative to IP Instance files '../../../../program/demo.coe'
set_property -dict [list CONFIG.Coe_File {D:/Vivado_prj/flash_rooth/program/demo.coe}] [get_ips inst_mem]
INFO: [IP_Flow 19-3484] Absolute path of file 'd:/Vivado_prj/flash_rooth/program/demo.coe' provided. It will be converted relative to IP Instance files '../../../../program/demo.coe'
generate_target all [get_files  D:/Vivado_prj/flash_rooth/flash_rooth.srcs/sources_1/ip/inst_mem/inst_mem.xci]
INFO: [IP_Flow 19-1686] Generating 'Instantiation Template' target for IP 'inst_mem'...
INFO: [IP_Flow 19-1686] Generating 'Synthesis' target for IP 'inst_mem'...
INFO: [IP_Flow 19-1686] Generating 'Simulation' target for IP 'inst_mem'...
INFO: [IP_Flow 19-1686] Generating 'Miscellaneous' target for IP 'inst_mem'...
INFO: [IP_Flow 19-1686] Generating 'Change Log' target for IP 'inst_mem'...
catch { config_ip_cache -export [get_ips -all inst_mem] }
export_ip_user_files -of_objects [get_files D:/Vivado_prj/flash_rooth/flash_rooth.srcs/sources_1/ip/inst_mem/inst_mem.xci] -no_script -sync -force -quiet
reset_run inst_mem_synth_1
WARNING: [Vivado 12-1017] Problems encountered:
1. Failed to delete one or more files in run directory D:/Vivado_prj/flash_rooth/flash_rooth.runs/inst_mem_synth_1

launch_runs -jobs 6 inst_mem_synth_1
[Sun Mar  5 22:26:04 2023] Launched inst_mem_synth_1...
Run output will be captured here: D:/Vivado_prj/flash_rooth/flash_rooth.runs/inst_mem_synth_1/runme.log
export_simulation -of_objects [get_files D:/Vivado_prj/flash_rooth/flash_rooth.srcs/sources_1/ip/inst_mem/inst_mem.xci] -directory D:/Vivado_prj/flash_rooth/flash_rooth.ip_user_files/sim_scripts -ip_user_files_dir D:/Vivado_prj/flash_rooth/flash_rooth.ip_user_files -ipstatic_source_dir D:/Vivado_prj/flash_rooth/flash_rooth.ip_user_files/ipstatic -lib_map_path [list {modelsim=D:/Vivado_prj/flash_rooth/flash_rooth.cache/compile_simlib/modelsim} {questa=D:/Vivado_prj/flash_rooth/flash_rooth.cache/compile_simlib/questa} {riviera=D:/Vivado_prj/flash_rooth/flash_rooth.cache/compile_simlib/riviera} {activehdl=D:/Vivado_prj/flash_rooth/flash_rooth.cache/compile_simlib/activehdl}] -use_ip_compiled_libs -force -quiet
WARNING: [IP_Flow 19-4067] Ignoring invalid widget type specified checkbox.Providing a default widget
WARNING: [IP_Flow 19-4067] Ignoring invalid widget type specified checkbox.Providing a default widget
reset_run synth_1
WARNING: [Vivado 12-1017] Problems encountered:
1. Failed to delete one or more files in run directory D:/Vivado_prj/flash_rooth/flash_rooth.runs/synth_1

launch_runs impl_1 -to_step write_bitstream -jobs 6
[Sun Mar  5 22:26:33 2023] Launched inst_mem_synth_1, synth_1...
Run output will be captured here:
inst_mem_synth_1: D:/Vivado_prj/flash_rooth/flash_rooth.runs/inst_mem_synth_1/runme.log
synth_1: D:/Vivado_prj/flash_rooth/flash_rooth.runs/synth_1/runme.log
[Sun Mar  5 22:26:33 2023] Launched impl_1...
Run output will be captured here: D:/Vivado_prj/flash_rooth/flash_rooth.runs/impl_1/runme.log
open_hw_manager
connect_hw_server -allow_non_jtag
INFO: [Labtools 27-2285] Connecting to hw_server url TCP:localhost:3121
INFO: [Labtools 27-2222] Launching hw_server...
INFO: [Labtools 27-2221] Launch Output:

****** Xilinx hw_server v2019.2
  **** Build date : Nov  6 2019 at 22:12:23
    ** Copyright 1986-2019 Xilinx, Inc. All Rights Reserved.


INFO: [Labtools 27-3415] Connecting to cs_server url TCP:localhost:3042
INFO: [Labtools 27-3417] Launching cs_server...
INFO: [Labtools 27-2221] Launch Output:


****** Xilinx cs_server v2019.2.0
  **** Build date : Nov 07 2019-13:28:22
    ** Copyright 2017-2019 Xilinx, Inc. All Rights Reserved.



connect_hw_server: Time (s): cpu = 00:00:00 ; elapsed = 00:00:07 . Memory (MB): peak = 2392.637 ; gain = 0.000
open_hw_target
INFO: [Labtoolstcl 44-466] Opening hw_target localhost:3121/xilinx_tcf/Digilent/210251A08870
set_property PROGRAM.FILE {D:/Vivado_prj/flash_rooth/flash_rooth.runs/impl_1/flash_rooth_wrapper.bit} [get_hw_devices xc7z020_1]
current_hw_device [get_hw_devices xc7z020_1]
refresh_hw_device -update_hw_probes false [lindex [get_hw_devices xc7z020_1] 0]
INFO: [Labtools 27-1434] Device xc7z020 (JTAG device index = 1) is programmed with a design that has no supported debug core(s) in it.
set_property PROBES.FILE {} [get_hw_devices xc7z020_1]
set_property FULL_PROBES.FILE {} [get_hw_devices xc7z020_1]
set_property PROGRAM.FILE {D:/Vivado_prj/flash_rooth/flash_rooth.runs/impl_1/flash_rooth_wrapper.bit} [get_hw_devices xc7z020_1]
program_hw_devices [get_hw_devices xc7z020_1]
INFO: [Labtools 27-3164] End of startup status: HIGH
refresh_hw_device [lindex [get_hw_devices xc7z020_1] 0]
INFO: [Labtools 27-1434] Device xc7z020 (JTAG device index = 1) is programmed with a design that has no supported debug core(s) in it.
ERROR: [Labtoolstcl 44-513] HW Target shutdown. Closing target: localhost:3121/xilinx_tcf/Digilent/210251A08870
INFO: [Labtoolstcl 44-466] Opening hw_target localhost:3121/xilinx_tcf/Digilent/210251A08870
WARNING: [Labtoolstcl 44-129] No matching hw_ila_data was found.
INFO: [Labtools 27-1434] Device xc7z020 (JTAG device index = 1) is programmed with a design that has no supported debug core(s) in it.
WARNING: [Labtoolstcl 44-129] No matching hw_ila_data was found.
ERROR: [Labtoolstcl 44-513] HW Target shutdown. Closing target: localhost:3121/xilinx_tcf/Digilent/210251A08870
INFO: [Labtoolstcl 44-466] Opening hw_target localhost:3121/xilinx_tcf/Digilent/210251A08870
WARNING: [Labtoolstcl 44-129] No matching hw_ila_data was found.
INFO: [Labtools 27-1434] Device xc7z020 (JTAG device index = 1) is programmed with a design that has no supported debug core(s) in it.
WARNING: [Labtoolstcl 44-129] No matching hw_ila_data was found.
ERROR: [Labtoolstcl 44-513] HW Target shutdown. Closing target: localhost:3121/xilinx_tcf/Digilent/210251A08870
INFO: [Labtoolstcl 44-466] Opening hw_target localhost:3121/xilinx_tcf/Digilent/210251A08870
WARNING: [Labtoolstcl 44-129] No matching hw_ila_data was found.
INFO: [Labtools 27-1434] Device xc7z020 (JTAG device index = 1) is programmed with a design that has no supported debug core(s) in it.
WARNING: [Labtoolstcl 44-129] No matching hw_ila_data was found.
