ncsim(64): 15.10-s010: (c) Copyright 1995-2015 Cadence Design Systems, Inc.

-------------------------------------
Relinquished control to SimVision...
ncsim> 
ncsim> run
~~~~~~~~~~~~~~~~~~~                                    ./inst_test/ADD PASS ~~~~~~~~~~~~~~~~~~~
~~~~~~~~~~~~~~~~~~~                                    ./inst_test/SUB PASS ~~~~~~~~~~~~~~~~~~~
~~~~~~~~~~~~~~~~~~~                                    ./inst_test/XOR PASS ~~~~~~~~~~~~~~~~~~~
~~~~~~~~~~~~~~~~~~~                                     ./inst_test/OR PASS ~~~~~~~~~~~~~~~~~~~
~~~~~~~~~~~~~~~~~~~                                    ./inst_test/AND PASS ~~~~~~~~~~~~~~~~~~~
~~~~~~~~~~~~~~~~~~~                                    ./inst_test/SLL PASS ~~~~~~~~~~~~~~~~~~~
~~~~~~~~~~~~~~~~~~~                                    ./inst_test/SRL PASS ~~~~~~~~~~~~~~~~~~~
~~~~~~~~~~~~~~~~~~~                                    ./inst_test/SRA PASS ~~~~~~~~~~~~~~~~~~~
~~~~~~~~~~~~~~~~~~~                                    ./inst_test/SLT PASS ~~~~~~~~~~~~~~~~~~~
~~~~~~~~~~~~~~~~~~~                                   ./inst_test/SLTU PASS ~~~~~~~~~~~~~~~~~~~
~~~~~~~~~~~~~~~~~~~                                   ./inst_test/XORI PASS ~~~~~~~~~~~~~~~~~~~
~~~~~~~~~~~~~~~~~~~                                    ./inst_test/ORI PASS ~~~~~~~~~~~~~~~~~~~
~~~~~~~~~~~~~~~~~~~                                   ./inst_test/ANDI PASS ~~~~~~~~~~~~~~~~~~~
~~~~~~~~~~~~~~~~~~~                                   ./inst_test/SLLI PASS ~~~~~~~~~~~~~~~~~~~
~~~~~~~~~~~~~~~~~~~                                   ./inst_test/SRLI PASS ~~~~~~~~~~~~~~~~~~~
~~~~~~~~~~~~~~~~~~~                                   ./inst_test/SRAI PASS ~~~~~~~~~~~~~~~~~~~
~~~~~~~~~~~~~~~~~~~                                   ./inst_test/SLTI PASS ~~~~~~~~~~~~~~~~~~~
~~~~~~~~~~~~~~~~~~~                                  ./inst_test/SLTIU PASS ~~~~~~~~~~~~~~~~~~~
~~~~~~~~~~~~~~~~~~~                                    ./inst_test/BEQ PASS ~~~~~~~~~~~~~~~~~~~
~~~~~~~~~~~~~~~~~~~                                    ./inst_test/BNE PASS ~~~~~~~~~~~~~~~~~~~
~~~~~~~~~~~~~~~~~~~                                    ./inst_test/BLT PASS ~~~~~~~~~~~~~~~~~~~
~~~~~~~~~~~~~~~~~~~                                    ./inst_test/BGE PASS ~~~~~~~~~~~~~~~~~~~
~~~~~~~~~~~~~~~~~~~                                   ./inst_test/BLTU PASS ~~~~~~~~~~~~~~~~~~~
~~~~~~~~~~~~~~~~~~~                                   ./inst_test/BGEU PASS ~~~~~~~~~~~~~~~~~~~
~~~~~~~~~~~~~~~~~~~                                    ./inst_test/JAL PASS ~~~~~~~~~~~~~~~~~~~
~~~~~~~~~~~~~~~~~~~                                   ./inst_test/JALR PASS ~~~~~~~~~~~~~~~~~~~
~~~~~~~~~~~~~~~~~~~                                    ./inst_test/LUI PASS ~~~~~~~~~~~~~~~~~~~
~~~~~~~~~~~~~~~~~~~                                  ./inst_test/AUIPC PASS ~~~~~~~~~~~~~~~~~~~
~~~~~~~~~~~~~~~~~~~                                     ./inst_test/LB PASS ~~~~~~~~~~~~~~~~~~~
~~~~~~~~~~~~~~~~~~~                                     ./inst_test/LH PASS ~~~~~~~~~~~~~~~~~~~
~~~~~~~~~~~~~~~~~~~                                     ./inst_test/LW PASS ~~~~~~~~~~~~~~~~~~~
~~~~~~~~~~~~~~~~~~~                                    ./inst_test/LBU PASS ~~~~~~~~~~~~~~~~~~~
~~~~~~~~~~~~~~~~~~~                                    ./inst_test/LHU PASS ~~~~~~~~~~~~~~~~~~~
~~~~~~~~~~~~~~~~~~~                                ./inst_test/FENCE_I PASS ~~~~~~~~~~~~~~~~~~~
~~~~~~~~~~~~~~~~~~~                                     ./inst_test/SB PASS ~~~~~~~~~~~~~~~~~~~
~~~~~~~~~~~~~~~~~~~                                     ./inst_test/SH PASS ~~~~~~~~~~~~~~~~~~~
~~~~~~~~~~~~~~~~~~~                                     ./inst_test/SW PASS ~~~~~~~~~~~~~~~~~~~
~~~~~~~~~~~~~~~~~~~                                    ./inst_test/MUL PASS ~~~~~~~~~~~~~~~~~~~
~~~~~~~~~~~~~~~~~~~                                   ./inst_test/MULH PASS ~~~~~~~~~~~~~~~~~~~
~~~~~~~~~~~~~~~~~~~                                 ./inst_test/MULHSU PASS ~~~~~~~~~~~~~~~~~~~
~~~~~~~~~~~~~~~~~~~                                  ./inst_test/MULHU PASS ~~~~~~~~~~~~~~~~~~~
~~~~~~~~~~~~~~~~~~~                                    ./inst_test/DIV PASS ~~~~~~~~~~~~~~~~~~~
~~~~~~~~~~~~~~~~~~~                                   ./inst_test/DIVU PASS ~~~~~~~~~~~~~~~~~~~
~~~~~~~~~~~~~~~~~~~                                    ./inst_test/REM PASS ~~~~~~~~~~~~~~~~~~~
~~~~~~~~~~~~~~~~~~~                                   ./inst_test/REMU PASS ~~~~~~~~~~~~~~~~~~~
~~~~~~~~~~~~~~~~~~~ TEST_PASS ~~~~~~~~~~~~~~~~~~~
~~~~~~~~~~~~~~~~~~~~~~~~~~~~~~~~~~~~~~~~~~~~~~~~~
~~~~~~~~~ #####     ##     ####    #### ~~~~~~~~~
~~~~~~~~~ #    #   #  #   #       #     ~~~~~~~~~
~~~~~~~~~ #    #  #    #   ####    #### ~~~~~~~~~
~~~~~~~~~ #####   ######       #       #~~~~~~~~~
~~~~~~~~~ #       #    #  #    #  #    #~~~~~~~~~
~~~~~~~~~ #       #    #   ####    #### ~~~~~~~~~
~~~~~~~~~~~~~~~~~~~~~~~~~~~~~~~~~~~~~~~~~~~~~~~~~
Simulation complete via $finish(1) at time 315711 NS + 0
./testbench/tb_rooth_alltest.v:173     $finish;
ncsim> ^C
ncsim> exit
ncsim: Memory Usage - 36.0M program + 70.5M data = 106.6M total (106.6M Peak)
ncsim: CPU Usage - 0.1s system + 0.8s user = 0.9s total (12.3s, 7.2% cpu)
