ncvlog(64): 15.10-s010: (c) Copyright 1995-2015 Cadence Design Systems, Inc.
`define CSR_CYCLE       12'hc00 //时钟周期计数器
                                  |
ncvlog: *W,NONPRT (./hdl_file/soc/rooth_defines.v,202|34): non-printable character (0xe6) ignored.
(`include file: ./hdl_file/soc/rooth_defines.v line 202, file: ./testbench/tb_rooth.v line 15)
`define CSR_CYCLE       12'hc00 //时钟周期计数器
                                   |
ncvlog: *W,NONPRT (./hdl_file/soc/rooth_defines.v,202|35): non-printable character (0x97) ignored.
(`include file: ./hdl_file/soc/rooth_defines.v line 202, file: ./testbench/tb_rooth.v line 15)
`define CSR_CYCLE       12'hc00 //时钟周期计数器
                                    |
ncvlog: *W,NONPRT (./hdl_file/soc/rooth_defines.v,202|36): non-printable character (0xb6) ignored.
(`include file: ./hdl_file/soc/rooth_defines.v line 202, file: ./testbench/tb_rooth.v line 15)
`define CSR_CYCLE       12'hc00 //时钟周期计数器
                                     |
ncvlog: *W,NONPRT (./hdl_file/soc/rooth_defines.v,202|37): non-printable character (0xe9) ignored.
(`include file: ./hdl_file/soc/rooth_defines.v line 202, file: ./testbench/tb_rooth.v line 15)
`define CSR_CYCLE       12'hc00 //时钟周期计数器
                                      |
ncvlog: *W,NONPRT (./hdl_file/soc/rooth_defines.v,202|38): non-printable character (0x92) ignored.
(`include file: ./hdl_file/soc/rooth_defines.v line 202, file: ./testbench/tb_rooth.v line 15)
`define CSR_CYCLE       12'hc00 //时钟周期计数器
                                       |
ncvlog: *W,NONPRT (./hdl_file/soc/rooth_defines.v,202|39): non-printable character (0x9f) ignored.
(`include file: ./hdl_file/soc/rooth_defines.v line 202, file: ./testbench/tb_rooth.v line 15)
`define CSR_CYCLE       12'hc00 //时钟周期计数器
                                        |
ncvlog: *W,NONPRT (./hdl_file/soc/rooth_defines.v,202|40): non-printable character (0xe5) ignored.
(`include file: ./hdl_file/soc/rooth_defines.v line 202, file: ./testbench/tb_rooth.v line 15)
`define CSR_CYCLE       12'hc00 //时钟周期计数器
                                         |
ncvlog: *W,NONPRT (./hdl_file/soc/rooth_defines.v,202|41): non-printable character (0x91) ignored.
(`include file: ./hdl_file/soc/rooth_defines.v line 202, file: ./testbench/tb_rooth.v line 15)
`define CSR_CYCLE       12'hc00 //时钟周期计数器
                                          |
ncvlog: *W,NONPRT (./hdl_file/soc/rooth_defines.v,202|42): non-printable character (0xa8) ignored.
(`include file: ./hdl_file/soc/rooth_defines.v line 202, file: ./testbench/tb_rooth.v line 15)
`define CSR_CYCLE       12'hc00 //时钟周期计数器
                                           |
ncvlog: *W,NONPRT (./hdl_file/soc/rooth_defines.v,202|43): non-printable character (0xe6) ignored.
(`include file: ./hdl_file/soc/rooth_defines.v line 202, file: ./testbench/tb_rooth.v line 15)
`define CSR_CYCLE       12'hc00 //时钟周期计数器
                                            |
ncvlog: *W,NONPRT (./hdl_file/soc/rooth_defines.v,202|44): non-printable character (0x9c) ignored.
(`include file: ./hdl_file/soc/rooth_defines.v line 202, file: ./testbench/tb_rooth.v line 15)
`define CSR_CYCLE       12'hc00 //时钟周期计数器
                                             |
ncvlog: *W,NONPRT (./hdl_file/soc/rooth_defines.v,202|45): non-printable character (0x9f) ignored.
(`include file: ./hdl_file/soc/rooth_defines.v line 202, file: ./testbench/tb_rooth.v line 15)
`define CSR_CYCLE       12'hc00 //时钟周期计数器
                                              |
ncvlog: *W,NONPRT (./hdl_file/soc/rooth_defines.v,202|46): non-printable character (0xe8) ignored.
(`include file: ./hdl_file/soc/rooth_defines.v line 202, file: ./testbench/tb_rooth.v line 15)
`define CSR_CYCLE       12'hc00 //时钟周期计数器
                                               |
ncvlog: *W,NONPRT (./hdl_file/soc/rooth_defines.v,202|47): non-printable character (0xae) ignored.
(`include file: ./hdl_file/soc/rooth_defines.v line 202, file: ./testbench/tb_rooth.v line 15)
`define CSR_CYCLE       12'hc00 //时钟周期计数器
                                                |
ncvlog: *W,NONPRT (./hdl_file/soc/rooth_defines.v,202|48): non-printable character (0xa1) ignored.
(`include file: ./hdl_file/soc/rooth_defines.v line 202, file: ./testbench/tb_rooth.v line 15)
`define CSR_CYCLE       12'hc00 //时钟周期计数器
                                                 |
ncvlog: *W,NONPRT (./hdl_file/soc/rooth_defines.v,202|49): non-printable character (0xe6) ignored.
(`include file: ./hdl_file/soc/rooth_defines.v line 202, file: ./testbench/tb_rooth.v line 15)
`define CSR_CYCLE       12'hc00 //时钟周期计数器
                                                  |
ncvlog: *W,NONPRT (./hdl_file/soc/rooth_defines.v,202|50): non-printable character (0x95) ignored.
(`include file: ./hdl_file/soc/rooth_defines.v line 202, file: ./testbench/tb_rooth.v line 15)
`define CSR_CYCLE       12'hc00 //时钟周期计数器
                                                   |
ncvlog: *W,NONPRT (./hdl_file/soc/rooth_defines.v,202|51): non-printable character (0xb0) ignored.
(`include file: ./hdl_file/soc/rooth_defines.v line 202, file: ./testbench/tb_rooth.v line 15)
`define CSR_CYCLE       12'hc00 //时钟周期计数器
                                                    |
ncvlog: *W,NONPRT (./hdl_file/soc/rooth_defines.v,202|52): non-printable character (0xe5) ignored.
(`include file: ./hdl_file/soc/rooth_defines.v line 202, file: ./testbench/tb_rooth.v line 15)
`define CSR_CYCLE       12'hc00 //时钟周期计数器
                                                     |
ncvlog: *W,NONPRT (./hdl_file/soc/rooth_defines.v,202|53): non-printable character (0x99) ignored.
(`include file: ./hdl_file/soc/rooth_defines.v line 202, file: ./testbench/tb_rooth.v line 15)
`define CSR_CYCLE       12'hc00 //时钟周期计数器
                                                      |
ncvlog: *W,NONPRT (./hdl_file/soc/rooth_defines.v,202|54): non-printable character (0xa8) ignored.
(`include file: ./hdl_file/soc/rooth_defines.v line 202, file: ./testbench/tb_rooth.v line 15)
`define CSR_CYCLEH      12'hc80 //时钟周期计数器
                                  |
ncvlog: *W,NONPRT (./hdl_file/soc/rooth_defines.v,203|34): non-printable character (0xe6) ignored.
(`include file: ./hdl_file/soc/rooth_defines.v line 203, file: ./testbench/tb_rooth.v line 15)
`define CSR_CYCLEH      12'hc80 //时钟周期计数器
                                   |
ncvlog: *W,NONPRT (./hdl_file/soc/rooth_defines.v,203|35): non-printable character (0x97) ignored.
(`include file: ./hdl_file/soc/rooth_defines.v line 203, file: ./testbench/tb_rooth.v line 15)
`define CSR_CYCLEH      12'hc80 //时钟周期计数器
                                    |
ncvlog: *W,NONPRT (./hdl_file/soc/rooth_defines.v,203|36): non-printable character (0xb6) ignored.
(`include file: ./hdl_file/soc/rooth_defines.v line 203, file: ./testbench/tb_rooth.v line 15)
`define CSR_CYCLEH      12'hc80 //时钟周期计数器
                                     |
ncvlog: *W,NONPRT (./hdl_file/soc/rooth_defines.v,203|37): non-printable character (0xe9) ignored.
(`include file: ./hdl_file/soc/rooth_defines.v line 203, file: ./testbench/tb_rooth.v line 15)
`define CSR_CYCLEH      12'hc80 //时钟周期计数器
                                      |
ncvlog: *W,NONPRT (./hdl_file/soc/rooth_defines.v,203|38): non-printable character (0x92) ignored.
(`include file: ./hdl_file/soc/rooth_defines.v line 203, file: ./testbench/tb_rooth.v line 15)
`define CSR_CYCLEH      12'hc80 //时钟周期计数器
                                       |
ncvlog: *W,NONPRT (./hdl_file/soc/rooth_defines.v,203|39): non-printable character (0x9f) ignored.
(`include file: ./hdl_file/soc/rooth_defines.v line 203, file: ./testbench/tb_rooth.v line 15)
`define CSR_CYCLEH      12'hc80 //时钟周期计数器
                                        |
ncvlog: *W,NONPRT (./hdl_file/soc/rooth_defines.v,203|40): non-printable character (0xe5) ignored.
(`include file: ./hdl_file/soc/rooth_defines.v line 203, file: ./testbench/tb_rooth.v line 15)
`define CSR_CYCLEH      12'hc80 //时钟周期计数器
                                         |
ncvlog: *W,NONPRT (./hdl_file/soc/rooth_defines.v,203|41): non-printable character (0x91) ignored.
(`include file: ./hdl_file/soc/rooth_defines.v line 203, file: ./testbench/tb_rooth.v line 15)
`define CSR_CYCLEH      12'hc80 //时钟周期计数器
                                          |
ncvlog: *W,NONPRT (./hdl_file/soc/rooth_defines.v,203|42): non-printable character (0xa8) ignored.
(`include file: ./hdl_file/soc/rooth_defines.v line 203, file: ./testbench/tb_rooth.v line 15)
`define CSR_CYCLEH      12'hc80 //时钟周期计数器
                                           |
ncvlog: *W,NONPRT (./hdl_file/soc/rooth_defines.v,203|43): non-printable character (0xe6) ignored.
(`include file: ./hdl_file/soc/rooth_defines.v line 203, file: ./testbench/tb_rooth.v line 15)
`define CSR_CYCLEH      12'hc80 //时钟周期计数器
                                            |
ncvlog: *W,NONPRT (./hdl_file/soc/rooth_defines.v,203|44): non-printable character (0x9c) ignored.
(`include file: ./hdl_file/soc/rooth_defines.v line 203, file: ./testbench/tb_rooth.v line 15)
`define CSR_CYCLEH      12'hc80 //时钟周期计数器
                                             |
ncvlog: *W,NONPRT (./hdl_file/soc/rooth_defines.v,203|45): non-printable character (0x9f) ignored.
(`include file: ./hdl_file/soc/rooth_defines.v line 203, file: ./testbench/tb_rooth.v line 15)
`define CSR_CYCLEH      12'hc80 //时钟周期计数器
                                              |
ncvlog: *W,NONPRT (./hdl_file/soc/rooth_defines.v,203|46): non-printable character (0xe8) ignored.
(`include file: ./hdl_file/soc/rooth_defines.v line 203, file: ./testbench/tb_rooth.v line 15)
`define CSR_CYCLEH      12'hc80 //时钟周期计数器
                                               |
ncvlog: *W,NONPRT (./hdl_file/soc/rooth_defines.v,203|47): non-printable character (0xae) ignored.
(`include file: ./hdl_file/soc/rooth_defines.v line 203, file: ./testbench/tb_rooth.v line 15)
`define CSR_CYCLEH      12'hc80 //时钟周期计数器
                                                |
ncvlog: *W,NONPRT (./hdl_file/soc/rooth_defines.v,203|48): non-printable character (0xa1) ignored.
(`include file: ./hdl_file/soc/rooth_defines.v line 203, file: ./testbench/tb_rooth.v line 15)
`define CSR_CYCLEH      12'hc80 //时钟周期计数器
                                                 |
ncvlog: *W,NONPRT (./hdl_file/soc/rooth_defines.v,203|49): non-printable character (0xe6) ignored.
(`include file: ./hdl_file/soc/rooth_defines.v line 203, file: ./testbench/tb_rooth.v line 15)
`define CSR_CYCLEH      12'hc80 //时钟周期计数器
                                                  |
ncvlog: *W,NONPRT (./hdl_file/soc/rooth_defines.v,203|50): non-printable character (0x95) ignored.
(`include file: ./hdl_file/soc/rooth_defines.v line 203, file: ./testbench/tb_rooth.v line 15)
`define CSR_CYCLEH      12'hc80 //时钟周期计数器
                                                   |
ncvlog: *W,NONPRT (./hdl_file/soc/rooth_defines.v,203|51): non-printable character (0xb0) ignored.
(`include file: ./hdl_file/soc/rooth_defines.v line 203, file: ./testbench/tb_rooth.v line 15)
`define CSR_CYCLEH      12'hc80 //时钟周期计数器
                                                    |
ncvlog: *W,NONPRT (./hdl_file/soc/rooth_defines.v,203|52): non-printable character (0xe5) ignored.
(`include file: ./hdl_file/soc/rooth_defines.v line 203, file: ./testbench/tb_rooth.v line 15)
`define CSR_CYCLEH      12'hc80 //时钟周期计数器
                                                     |
ncvlog: *W,NONPRT (./hdl_file/soc/rooth_defines.v,203|53): non-printable character (0x99) ignored.
(`include file: ./hdl_file/soc/rooth_defines.v line 203, file: ./testbench/tb_rooth.v line 15)
`define CSR_CYCLEH      12'hc80 //时钟周期计数器
                                                      |
ncvlog: *W,NONPRT (./hdl_file/soc/rooth_defines.v,203|54): non-printable character (0xa8) ignored.
(`include file: ./hdl_file/soc/rooth_defines.v line 203, file: ./testbench/tb_rooth.v line 15)
`define CSR_MTVEC       12'h305 //中断/异常矢量
                                  |
ncvlog: *W,NONPRT (./hdl_file/soc/rooth_defines.v,204|34): non-printable character (0xe4) ignored.
(`include file: ./hdl_file/soc/rooth_defines.v line 204, file: ./testbench/tb_rooth.v line 15)
`define CSR_MTVEC       12'h305 //中断/异常矢量
                                   |
ncvlog: *W,NONPRT (./hdl_file/soc/rooth_defines.v,204|35): non-printable character (0xb8) ignored.
(`include file: ./hdl_file/soc/rooth_defines.v line 204, file: ./testbench/tb_rooth.v line 15)
`define CSR_MTVEC       12'h305 //中断/异常矢量
                                    |
ncvlog: *W,NONPRT (./hdl_file/soc/rooth_defines.v,204|36): non-printable character (0xad) ignored.
(`include file: ./hdl_file/soc/rooth_defines.v line 204, file: ./testbench/tb_rooth.v line 15)
`define CSR_MTVEC       12'h305 //中断/异常矢量
                                     |
ncvlog: *W,NONPRT (./hdl_file/soc/rooth_defines.v,204|37): non-printable character (0xe6) ignored.
(`include file: ./hdl_file/soc/rooth_defines.v line 204, file: ./testbench/tb_rooth.v line 15)
`define CSR_MTVEC       12'h305 //中断/异常矢量
                                      |
ncvlog: *W,NONPRT (./hdl_file/soc/rooth_defines.v,204|38): non-printable character (0x96) ignored.
(`include file: ./hdl_file/soc/rooth_defines.v line 204, file: ./testbench/tb_rooth.v line 15)
`define CSR_MTVEC       12'h305 //中断/异常矢量
                                       |
ncvlog: *W,NONPRT (./hdl_file/soc/rooth_defines.v,204|39): non-printable character (0xad) ignored.
(`include file: ./hdl_file/soc/rooth_defines.v line 204, file: ./testbench/tb_rooth.v line 15)
`define CSR_MTVEC       12'h305 //中断/异常矢量
                                         |
ncvlog: *W,NONPRT (./hdl_file/soc/rooth_defines.v,204|41): non-printable character (0xe5) ignored.
(`include file: ./hdl_file/soc/rooth_defines.v line 204, file: ./testbench/tb_rooth.v line 15)
`define CSR_MTVEC       12'h305 //中断/异常矢量
                                          |
ncvlog: *W,NONPRT (./hdl_file/soc/rooth_defines.v,204|42): non-printable character (0xbc) ignored.
(`include file: ./hdl_file/soc/rooth_defines.v line 204, file: ./testbench/tb_rooth.v line 15)
`define CSR_MTVEC       12'h305 //中断/异常矢量
                                           |
ncvlog: *W,NONPRT (./hdl_file/soc/rooth_defines.v,204|43): non-printable character (0x82) ignored.
(`include file: ./hdl_file/soc/rooth_defines.v line 204, file: ./testbench/tb_rooth.v line 15)
`define CSR_MTVEC       12'h305 //中断/异常矢量
                                            |
ncvlog: *W,NONPRT (./hdl_file/soc/rooth_defines.v,204|44): non-printable character (0xe5) ignored.
(`include file: ./hdl_file/soc/rooth_defines.v line 204, file: ./testbench/tb_rooth.v line 15)
`define CSR_MTVEC       12'h305 //中断/异常矢量
                                             |
ncvlog: *W,NONPRT (./hdl_file/soc/rooth_defines.v,204|45): non-printable character (0xb8) ignored.
(`include file: ./hdl_file/soc/rooth_defines.v line 204, file: ./testbench/tb_rooth.v line 15)
`define CSR_MTVEC       12'h305 //中断/异常矢量
                                              |
ncvlog: *W,NONPRT (./hdl_file/soc/rooth_defines.v,204|46): non-printable character (0xb8) ignored.
(`include file: ./hdl_file/soc/rooth_defines.v line 204, file: ./testbench/tb_rooth.v line 15)
`define CSR_MTVEC       12'h305 //中断/异常矢量
                                               |
ncvlog: *W,NONPRT (./hdl_file/soc/rooth_defines.v,204|47): non-printable character (0xe7) ignored.
(`include file: ./hdl_file/soc/rooth_defines.v line 204, file: ./testbench/tb_rooth.v line 15)
`define CSR_MTVEC       12'h305 //中断/异常矢量
                                                |
ncvlog: *W,NONPRT (./hdl_file/soc/rooth_defines.v,204|48): non-printable character (0x9f) ignored.
(`include file: ./hdl_file/soc/rooth_defines.v line 204, file: ./testbench/tb_rooth.v line 15)
`define CSR_MTVEC       12'h305 //中断/异常矢量
                                                 |
ncvlog: *W,NONPRT (./hdl_file/soc/rooth_defines.v,204|49): non-printable character (0xa2) ignored.
(`include file: ./hdl_file/soc/rooth_defines.v line 204, file: ./testbench/tb_rooth.v line 15)
`define CSR_MTVEC       12'h305 //中断/异常矢量
                                                  |
ncvlog: *W,NONPRT (./hdl_file/soc/rooth_defines.v,204|50): non-printable character (0xe9) ignored.
(`include file: ./hdl_file/soc/rooth_defines.v line 204, file: ./testbench/tb_rooth.v line 15)
`define CSR_MTVEC       12'h305 //中断/异常矢量
                                                   |
ncvlog: *W,NONPRT (./hdl_file/soc/rooth_defines.v,204|51): non-printable character (0x87) ignored.
(`include file: ./hdl_file/soc/rooth_defines.v line 204, file: ./testbench/tb_rooth.v line 15)
`define CSR_MTVEC       12'h305 //中断/异常矢量
                                                    |
ncvlog: *W,NONPRT (./hdl_file/soc/rooth_defines.v,204|52): non-printable character (0x8f) ignored.
(`include file: ./hdl_file/soc/rooth_defines.v line 204, file: ./testbench/tb_rooth.v line 15)
`define CSR_MCAUSE      12'h342 //时钟周期计数器
                                  |
ncvlog: *W,NONPRT (./hdl_file/soc/rooth_defines.v,205|34): non-printable character (0xe6) ignored.
(`include file: ./hdl_file/soc/rooth_defines.v line 205, file: ./testbench/tb_rooth.v line 15)
`define CSR_MCAUSE      12'h342 //时钟周期计数器
                                   |
ncvlog: *W,NONPRT (./hdl_file/soc/rooth_defines.v,205|35): non-printable character (0x97) ignored.
(`include file: ./hdl_file/soc/rooth_defines.v line 205, file: ./testbench/tb_rooth.v line 15)
`define CSR_MCAUSE      12'h342 //时钟周期计数器
                                    |
ncvlog: *W,NONPRT (./hdl_file/soc/rooth_defines.v,205|36): non-printable character (0xb6) ignored.
(`include file: ./hdl_file/soc/rooth_defines.v line 205, file: ./testbench/tb_rooth.v line 15)
`define CSR_MCAUSE      12'h342 //时钟周期计数器
                                     |
ncvlog: *W,NONPRT (./hdl_file/soc/rooth_defines.v,205|37): non-printable character (0xe9) ignored.
(`include file: ./hdl_file/soc/rooth_defines.v line 205, file: ./testbench/tb_rooth.v line 15)
`define CSR_MCAUSE      12'h342 //时钟周期计数器
                                      |
ncvlog: *W,NONPRT (./hdl_file/soc/rooth_defines.v,205|38): non-printable character (0x92) ignored.
(`include file: ./hdl_file/soc/rooth_defines.v line 205, file: ./testbench/tb_rooth.v line 15)
`define CSR_MCAUSE      12'h342 //时钟周期计数器
                                       |
ncvlog: *W,NONPRT (./hdl_file/soc/rooth_defines.v,205|39): non-printable character (0x9f) ignored.
(`include file: ./hdl_file/soc/rooth_defines.v line 205, file: ./testbench/tb_rooth.v line 15)
`define CSR_MCAUSE      12'h342 //时钟周期计数器
                                        |
ncvlog: *W,NONPRT (./hdl_file/soc/rooth_defines.v,205|40): non-printable character (0xe5) ignored.
(`include file: ./hdl_file/soc/rooth_defines.v line 205, file: ./testbench/tb_rooth.v line 15)
`define CSR_MCAUSE      12'h342 //时钟周期计数器
                                         |
ncvlog: *W,NONPRT (./hdl_file/soc/rooth_defines.v,205|41): non-printable character (0x91) ignored.
(`include file: ./hdl_file/soc/rooth_defines.v line 205, file: ./testbench/tb_rooth.v line 15)
`define CSR_MCAUSE      12'h342 //时钟周期计数器
                                          |
ncvlog: *W,NONPRT (./hdl_file/soc/rooth_defines.v,205|42): non-printable character (0xa8) ignored.
(`include file: ./hdl_file/soc/rooth_defines.v line 205, file: ./testbench/tb_rooth.v line 15)
`define CSR_MCAUSE      12'h342 //时钟周期计数器
                                           |
ncvlog: *W,NONPRT (./hdl_file/soc/rooth_defines.v,205|43): non-printable character (0xe6) ignored.
(`include file: ./hdl_file/soc/rooth_defines.v line 205, file: ./testbench/tb_rooth.v line 15)
`define CSR_MCAUSE      12'h342 //时钟周期计数器
                                            |
ncvlog: *W,NONPRT (./hdl_file/soc/rooth_defines.v,205|44): non-printable character (0x9c) ignored.
(`include file: ./hdl_file/soc/rooth_defines.v line 205, file: ./testbench/tb_rooth.v line 15)
`define CSR_MCAUSE      12'h342 //时钟周期计数器
                                             |
ncvlog: *W,NONPRT (./hdl_file/soc/rooth_defines.v,205|45): non-printable character (0x9f) ignored.
(`include file: ./hdl_file/soc/rooth_defines.v line 205, file: ./testbench/tb_rooth.v line 15)
`define CSR_MCAUSE      12'h342 //时钟周期计数器
                                              |
ncvlog: *W,NONPRT (./hdl_file/soc/rooth_defines.v,205|46): non-printable character (0xe8) ignored.
(`include file: ./hdl_file/soc/rooth_defines.v line 205, file: ./testbench/tb_rooth.v line 15)
`define CSR_MCAUSE      12'h342 //时钟周期计数器
                                               |
ncvlog: *W,NONPRT (./hdl_file/soc/rooth_defines.v,205|47): non-printable character (0xae) ignored.
(`include file: ./hdl_file/soc/rooth_defines.v line 205, file: ./testbench/tb_rooth.v line 15)
`define CSR_MCAUSE      12'h342 //时钟周期计数器
                                                |
ncvlog: *W,NONPRT (./hdl_file/soc/rooth_defines.v,205|48): non-printable character (0xa1) ignored.
(`include file: ./hdl_file/soc/rooth_defines.v line 205, file: ./testbench/tb_rooth.v line 15)
`define CSR_MCAUSE      12'h342 //时钟周期计数器
                                                 |
ncvlog: *W,NONPRT (./hdl_file/soc/rooth_defines.v,205|49): non-printable character (0xe6) ignored.
(`include file: ./hdl_file/soc/rooth_defines.v line 205, file: ./testbench/tb_rooth.v line 15)
`define CSR_MCAUSE      12'h342 //时钟周期计数器
                                                  |
ncvlog: *W,NONPRT (./hdl_file/soc/rooth_defines.v,205|50): non-printable character (0x95) ignored.
(`include file: ./hdl_file/soc/rooth_defines.v line 205, file: ./testbench/tb_rooth.v line 15)
`define CSR_MCAUSE      12'h342 //时钟周期计数器
                                                   |
ncvlog: *W,NONPRT (./hdl_file/soc/rooth_defines.v,205|51): non-printable character (0xb0) ignored.
(`include file: ./hdl_file/soc/rooth_defines.v line 205, file: ./testbench/tb_rooth.v line 15)
`define CSR_MCAUSE      12'h342 //时钟周期计数器
                                                    |
ncvlog: *W,NONPRT (./hdl_file/soc/rooth_defines.v,205|52): non-printable character (0xe5) ignored.
(`include file: ./hdl_file/soc/rooth_defines.v line 205, file: ./testbench/tb_rooth.v line 15)
`define CSR_MCAUSE      12'h342 //时钟周期计数器
                                                     |
ncvlog: *W,NONPRT (./hdl_file/soc/rooth_defines.v,205|53): non-printable character (0x99) ignored.
(`include file: ./hdl_file/soc/rooth_defines.v line 205, file: ./testbench/tb_rooth.v line 15)
`define CSR_MCAUSE      12'h342 //时钟周期计数器
                                                      |
ncvlog: *W,NONPRT (./hdl_file/soc/rooth_defines.v,205|54): non-printable character (0xa8) ignored.
(`include file: ./hdl_file/soc/rooth_defines.v line 205, file: ./testbench/tb_rooth.v line 15)
`define CSR_MEPC        12'h341 //异常/中断原因
                                  |
ncvlog: *W,NONPRT (./hdl_file/soc/rooth_defines.v,206|34): non-printable character (0xe5) ignored.
(`include file: ./hdl_file/soc/rooth_defines.v line 206, file: ./testbench/tb_rooth.v line 15)
`define CSR_MEPC        12'h341 //异常/中断原因
                                   |
ncvlog: *W,NONPRT (./hdl_file/soc/rooth_defines.v,206|35): non-printable character (0xbc) ignored.
(`include file: ./hdl_file/soc/rooth_defines.v line 206, file: ./testbench/tb_rooth.v line 15)
`define CSR_MEPC        12'h341 //异常/中断原因
                                    |
ncvlog: *W,NONPRT (./hdl_file/soc/rooth_defines.v,206|36): non-printable character (0x82) ignored.
(`include file: ./hdl_file/soc/rooth_defines.v line 206, file: ./testbench/tb_rooth.v line 15)
`define CSR_MEPC        12'h341 //异常/中断原因
                                     |
ncvlog: *W,NONPRT (./hdl_file/soc/rooth_defines.v,206|37): non-printable character (0xe5) ignored.
(`include file: ./hdl_file/soc/rooth_defines.v line 206, file: ./testbench/tb_rooth.v line 15)
`define CSR_MEPC        12'h341 //异常/中断原因
                                      |
ncvlog: *W,NONPRT (./hdl_file/soc/rooth_defines.v,206|38): non-printable character (0xb8) ignored.
(`include file: ./hdl_file/soc/rooth_defines.v line 206, file: ./testbench/tb_rooth.v line 15)
`define CSR_MEPC        12'h341 //异常/中断原因
                                       |
ncvlog: *W,NONPRT (./hdl_file/soc/rooth_defines.v,206|39): non-printable character (0xb8) ignored.
(`include file: ./hdl_file/soc/rooth_defines.v line 206, file: ./testbench/tb_rooth.v line 15)
`define CSR_MEPC        12'h341 //异常/中断原因
                                         |
ncvlog: *W,NONPRT (./hdl_file/soc/rooth_defines.v,206|41): non-printable character (0xe4) ignored.
(`include file: ./hdl_file/soc/rooth_defines.v line 206, file: ./testbench/tb_rooth.v line 15)
`define CSR_MEPC        12'h341 //异常/中断原因
                                          |
ncvlog: *W,NONPRT (./hdl_file/soc/rooth_defines.v,206|42): non-printable character (0xb8) ignored.
(`include file: ./hdl_file/soc/rooth_defines.v line 206, file: ./testbench/tb_rooth.v line 15)
`define CSR_MEPC        12'h341 //异常/中断原因
                                           |
ncvlog: *W,NONPRT (./hdl_file/soc/rooth_defines.v,206|43): non-printable character (0xad) ignored.
(`include file: ./hdl_file/soc/rooth_defines.v line 206, file: ./testbench/tb_rooth.v line 15)
`define CSR_MEPC        12'h341 //异常/中断原因
                                            |
ncvlog: *W,NONPRT (./hdl_file/soc/rooth_defines.v,206|44): non-printable character (0xe6) ignored.
(`include file: ./hdl_file/soc/rooth_defines.v line 206, file: ./testbench/tb_rooth.v line 15)
`define CSR_MEPC        12'h341 //异常/中断原因
                                             |
ncvlog: *W,NONPRT (./hdl_file/soc/rooth_defines.v,206|45): non-printable character (0x96) ignored.
(`include file: ./hdl_file/soc/rooth_defines.v line 206, file: ./testbench/tb_rooth.v line 15)
`define CSR_MEPC        12'h341 //异常/中断原因
                                              |
ncvlog: *W,NONPRT (./hdl_file/soc/rooth_defines.v,206|46): non-printable character (0xad) ignored.
(`include file: ./hdl_file/soc/rooth_defines.v line 206, file: ./testbench/tb_rooth.v line 15)
`define CSR_MEPC        12'h341 //异常/中断原因
                                               |
ncvlog: *W,NONPRT (./hdl_file/soc/rooth_defines.v,206|47): non-printable character (0xe5) ignored.
(`include file: ./hdl_file/soc/rooth_defines.v line 206, file: ./testbench/tb_rooth.v line 15)
`define CSR_MEPC        12'h341 //异常/中断原因
                                                |
ncvlog: *W,NONPRT (./hdl_file/soc/rooth_defines.v,206|48): non-printable character (0x8e) ignored.
(`include file: ./hdl_file/soc/rooth_defines.v line 206, file: ./testbench/tb_rooth.v line 15)
`define CSR_MEPC        12'h341 //异常/中断原因
                                                 |
ncvlog: *W,NONPRT (./hdl_file/soc/rooth_defines.v,206|49): non-printable character (0x9f) ignored.
(`include file: ./hdl_file/soc/rooth_defines.v line 206, file: ./testbench/tb_rooth.v line 15)
`define CSR_MEPC        12'h341 //异常/中断原因
                                                  |
ncvlog: *W,NONPRT (./hdl_file/soc/rooth_defines.v,206|50): non-printable character (0xe5) ignored.
(`include file: ./hdl_file/soc/rooth_defines.v line 206, file: ./testbench/tb_rooth.v line 15)
`define CSR_MEPC        12'h341 //异常/中断原因
                                                   |
ncvlog: *W,NONPRT (./hdl_file/soc/rooth_defines.v,206|51): non-printable character (0x9b) ignored.
(`include file: ./hdl_file/soc/rooth_defines.v line 206, file: ./testbench/tb_rooth.v line 15)
`define CSR_MEPC        12'h341 //异常/中断原因
                                                    |
ncvlog: *W,NONPRT (./hdl_file/soc/rooth_defines.v,206|52): non-printable character (0xa0) ignored.
(`include file: ./hdl_file/soc/rooth_defines.v line 206, file: ./testbench/tb_rooth.v line 15)
`define CSR_MIE         12'h304 //中断使能
                                  |
ncvlog: *W,NONPRT (./hdl_file/soc/rooth_defines.v,207|34): non-printable character (0xe4) ignored.
(`include file: ./hdl_file/soc/rooth_defines.v line 207, file: ./testbench/tb_rooth.v line 15)
`define CSR_MIE         12'h304 //中断使能
                                   |
ncvlog: *W,NONPRT (./hdl_file/soc/rooth_defines.v,207|35): non-printable character (0xb8) ignored.
(`include file: ./hdl_file/soc/rooth_defines.v line 207, file: ./testbench/tb_rooth.v line 15)
`define CSR_MIE         12'h304 //中断使能
                                    |
ncvlog: *W,NONPRT (./hdl_file/soc/rooth_defines.v,207|36): non-printable character (0xad) ignored.
(`include file: ./hdl_file/soc/rooth_defines.v line 207, file: ./testbench/tb_rooth.v line 15)
`define CSR_MIE         12'h304 //中断使能
                                     |
ncvlog: *W,NONPRT (./hdl_file/soc/rooth_defines.v,207|37): non-printable character (0xe6) ignored.
(`include file: ./hdl_file/soc/rooth_defines.v line 207, file: ./testbench/tb_rooth.v line 15)
`define CSR_MIE         12'h304 //中断使能
                                      |
ncvlog: *W,NONPRT (./hdl_file/soc/rooth_defines.v,207|38): non-printable character (0x96) ignored.
(`include file: ./hdl_file/soc/rooth_defines.v line 207, file: ./testbench/tb_rooth.v line 15)
`define CSR_MIE         12'h304 //中断使能
                                       |
ncvlog: *W,NONPRT (./hdl_file/soc/rooth_defines.v,207|39): non-printable character (0xad) ignored.
(`include file: ./hdl_file/soc/rooth_defines.v line 207, file: ./testbench/tb_rooth.v line 15)
`define CSR_MIE         12'h304 //中断使能
                                        |
ncvlog: *W,NONPRT (./hdl_file/soc/rooth_defines.v,207|40): non-printable character (0xe4) ignored.
(`include file: ./hdl_file/soc/rooth_defines.v line 207, file: ./testbench/tb_rooth.v line 15)
`define CSR_MIE         12'h304 //中断使能
                                         |
ncvlog: *W,NONPRT (./hdl_file/soc/rooth_defines.v,207|41): non-printable character (0xbd) ignored.
(`include file: ./hdl_file/soc/rooth_defines.v line 207, file: ./testbench/tb_rooth.v line 15)
`define CSR_MIE         12'h304 //中断使能
                                          |
ncvlog: *W,NONPRT (./hdl_file/soc/rooth_defines.v,207|42): non-printable character (0xbf) ignored.
(`include file: ./hdl_file/soc/rooth_defines.v line 207, file: ./testbench/tb_rooth.v line 15)
`define CSR_MIE         12'h304 //中断使能
                                           |
ncvlog: *W,NONPRT (./hdl_file/soc/rooth_defines.v,207|43): non-printable character (0xe8) ignored.
(`include file: ./hdl_file/soc/rooth_defines.v line 207, file: ./testbench/tb_rooth.v line 15)
`define CSR_MIE         12'h304 //中断使能
                                            |
ncvlog: *W,NONPRT (./hdl_file/soc/rooth_defines.v,207|44): non-printable character (0x83) ignored.
(`include file: ./hdl_file/soc/rooth_defines.v line 207, file: ./testbench/tb_rooth.v line 15)
`define CSR_MIE         12'h304 //中断使能
                                             |
ncvlog: *W,NONPRT (./hdl_file/soc/rooth_defines.v,207|45): non-printable character (0xbd) ignored.
(`include file: ./hdl_file/soc/rooth_defines.v line 207, file: ./testbench/tb_rooth.v line 15)
`define CSR_MSTATUS     12'h300 //状态控制
                                  |
ncvlog: *W,NONPRT (./hdl_file/soc/rooth_defines.v,208|34): non-printable character (0xe7) ignored.
(`include file: ./hdl_file/soc/rooth_defines.v line 208, file: ./testbench/tb_rooth.v line 15)
`define CSR_MSTATUS     12'h300 //状态控制
                                   |
ncvlog: *W,NONPRT (./hdl_file/soc/rooth_defines.v,208|35): non-printable character (0x8a) ignored.
(`include file: ./hdl_file/soc/rooth_defines.v line 208, file: ./testbench/tb_rooth.v line 15)
`define CSR_MSTATUS     12'h300 //状态控制
                                    |
ncvlog: *W,NONPRT (./hdl_file/soc/rooth_defines.v,208|36): non-printable character (0xb6) ignored.
(`include file: ./hdl_file/soc/rooth_defines.v line 208, file: ./testbench/tb_rooth.v line 15)
`define CSR_MSTATUS     12'h300 //状态控制
                                     |
ncvlog: *W,NONPRT (./hdl_file/soc/rooth_defines.v,208|37): non-printable character (0xe6) ignored.
(`include file: ./hdl_file/soc/rooth_defines.v line 208, file: ./testbench/tb_rooth.v line 15)
`define CSR_MSTATUS     12'h300 //状态控制
                                      |
ncvlog: *W,NONPRT (./hdl_file/soc/rooth_defines.v,208|38): non-printable character (0x80) ignored.
(`include file: ./hdl_file/soc/rooth_defines.v line 208, file: ./testbench/tb_rooth.v line 15)
`define CSR_MSTATUS     12'h300 //状态控制
                                       |
ncvlog: *W,NONPRT (./hdl_file/soc/rooth_defines.v,208|39): non-printable character (0x81) ignored.
(`include file: ./hdl_file/soc/rooth_defines.v line 208, file: ./testbench/tb_rooth.v line 15)
`define CSR_MSTATUS     12'h300 //状态控制
                                        |
ncvlog: *W,NONPRT (./hdl_file/soc/rooth_defines.v,208|40): non-printable character (0xe6) ignored.
(`include file: ./hdl_file/soc/rooth_defines.v line 208, file: ./testbench/tb_rooth.v line 15)
`define CSR_MSTATUS     12'h300 //状态控制
                                         |
ncvlog: *W,NONPRT (./hdl_file/soc/rooth_defines.v,208|41): non-printable character (0x8e) ignored.
(`include file: ./hdl_file/soc/rooth_defines.v line 208, file: ./testbench/tb_rooth.v line 15)
`define CSR_MSTATUS     12'h300 //状态控制
                                          |
ncvlog: *W,NONPRT (./hdl_file/soc/rooth_defines.v,208|42): non-printable character (0xa7) ignored.
(`include file: ./hdl_file/soc/rooth_defines.v line 208, file: ./testbench/tb_rooth.v line 15)
`define CSR_MSTATUS     12'h300 //状态控制
                                           |
ncvlog: *W,NONPRT (./hdl_file/soc/rooth_defines.v,208|43): non-printable character (0xe5) ignored.
(`include file: ./hdl_file/soc/rooth_defines.v line 208, file: ./testbench/tb_rooth.v line 15)
`define CSR_MSTATUS     12'h300 //状态控制
                                            |
ncvlog: *W,NONPRT (./hdl_file/soc/rooth_defines.v,208|44): non-printable character (0x88) ignored.
(`include file: ./hdl_file/soc/rooth_defines.v line 208, file: ./testbench/tb_rooth.v line 15)
`define CSR_MSTATUS     12'h300 //状态控制
                                             |
ncvlog: *W,NONPRT (./hdl_file/soc/rooth_defines.v,208|45): non-printable character (0xb6) ignored.
(`include file: ./hdl_file/soc/rooth_defines.v line 208, file: ./testbench/tb_rooth.v line 15)
`define CSR_MSCRATCH    12'h340 //提供一个上下文保存寄存器
                                  |
ncvlog: *W,NONPRT (./hdl_file/soc/rooth_defines.v,209|34): non-printable character (0xe6) ignored.
(`include file: ./hdl_file/soc/rooth_defines.v line 209, file: ./testbench/tb_rooth.v line 15)
`define CSR_MSCRATCH    12'h340 //提供一个上下文保存寄存器
                                   |
ncvlog: *W,NONPRT (./hdl_file/soc/rooth_defines.v,209|35): non-printable character (0x8f) ignored.
(`include file: ./hdl_file/soc/rooth_defines.v line 209, file: ./testbench/tb_rooth.v line 15)
`define CSR_MSCRATCH    12'h340 //提供一个上下文保存寄存器
                                    |
ncvlog: *W,NONPRT (./hdl_file/soc/rooth_defines.v,209|36): non-printable character (0x90) ignored.
(`include file: ./hdl_file/soc/rooth_defines.v line 209, file: ./testbench/tb_rooth.v line 15)
`define CSR_MSCRATCH    12'h340 //提供一个上下文保存寄存器
                                     |
ncvlog: *W,NONPRT (./hdl_file/soc/rooth_defines.v,209|37): non-printable character (0xe4) ignored.
(`include file: ./hdl_file/soc/rooth_defines.v line 209, file: ./testbench/tb_rooth.v line 15)
`define CSR_MSCRATCH    12'h340 //提供一个上下文保存寄存器
                                      |
ncvlog: *W,NONPRT (./hdl_file/soc/rooth_defines.v,209|38): non-printable character (0xbe) ignored.
(`include file: ./hdl_file/soc/rooth_defines.v line 209, file: ./testbench/tb_rooth.v line 15)
`define CSR_MSCRATCH    12'h340 //提供一个上下文保存寄存器
                                       |
ncvlog: *W,NONPRT (./hdl_file/soc/rooth_defines.v,209|39): non-printable character (0x9b) ignored.
(`include file: ./hdl_file/soc/rooth_defines.v line 209, file: ./testbench/tb_rooth.v line 15)
`define CSR_MSCRATCH    12'h340 //提供一个上下文保存寄存器
                                        |
ncvlog: *W,NONPRT (./hdl_file/soc/rooth_defines.v,209|40): non-printable character (0xe4) ignored.
(`include file: ./hdl_file/soc/rooth_defines.v line 209, file: ./testbench/tb_rooth.v line 15)
`define CSR_MSCRATCH    12'h340 //提供一个上下文保存寄存器
                                         |
ncvlog: *W,NONPRT (./hdl_file/soc/rooth_defines.v,209|41): non-printable character (0xb8) ignored.
(`include file: ./hdl_file/soc/rooth_defines.v line 209, file: ./testbench/tb_rooth.v line 15)
`define CSR_MSCRATCH    12'h340 //提供一个上下文保存寄存器
                                          |
ncvlog: *W,NONPRT (./hdl_file/soc/rooth_defines.v,209|42): non-printable character (0x80) ignored.
(`include file: ./hdl_file/soc/rooth_defines.v line 209, file: ./testbench/tb_rooth.v line 15)
`define CSR_MSCRATCH    12'h340 //提供一个上下文保存寄存器
                                           |
ncvlog: *W,NONPRT (./hdl_file/soc/rooth_defines.v,209|43): non-printable character (0xe4) ignored.
(`include file: ./hdl_file/soc/rooth_defines.v line 209, file: ./testbench/tb_rooth.v line 15)
`define CSR_MSCRATCH    12'h340 //提供一个上下文保存寄存器
                                            |
ncvlog: *W,NONPRT (./hdl_file/soc/rooth_defines.v,209|44): non-printable character (0xb8) ignored.
(`include file: ./hdl_file/soc/rooth_defines.v line 209, file: ./testbench/tb_rooth.v line 15)
`define CSR_MSCRATCH    12'h340 //提供一个上下文保存寄存器
                                             |
ncvlog: *W,NONPRT (./hdl_file/soc/rooth_defines.v,209|45): non-printable character (0xaa) ignored.
(`include file: ./hdl_file/soc/rooth_defines.v line 209, file: ./testbench/tb_rooth.v line 15)
`define CSR_MSCRATCH    12'h340 //提供一个上下文保存寄存器
                                              |
ncvlog: *W,NONPRT (./hdl_file/soc/rooth_defines.v,209|46): non-printable character (0xe4) ignored.
(`include file: ./hdl_file/soc/rooth_defines.v line 209, file: ./testbench/tb_rooth.v line 15)
`define CSR_MSCRATCH    12'h340 //提供一个上下文保存寄存器
                                               |
ncvlog: *W,NONPRT (./hdl_file/soc/rooth_defines.v,209|47): non-printable character (0xb8) ignored.
(`include file: ./hdl_file/soc/rooth_defines.v line 209, file: ./testbench/tb_rooth.v line 15)
`define CSR_MSCRATCH    12'h340 //提供一个上下文保存寄存器
                                                |
ncvlog: *W,NONPRT (./hdl_file/soc/rooth_defines.v,209|48): non-printable character (0x8a) ignored.
(`include file: ./hdl_file/soc/rooth_defines.v line 209, file: ./testbench/tb_rooth.v line 15)
`define CSR_MSCRATCH    12'h340 //提供一个上下文保存寄存器
                                                 |
ncvlog: *W,NONPRT (./hdl_file/soc/rooth_defines.v,209|49): non-printable character (0xe4) ignored.
(`include file: ./hdl_file/soc/rooth_defines.v line 209, file: ./testbench/tb_rooth.v line 15)
`define CSR_MSCRATCH    12'h340 //提供一个上下文保存寄存器
                                                  |
ncvlog: *W,NONPRT (./hdl_file/soc/rooth_defines.v,209|50): non-printable character (0xb8) ignored.
(`include file: ./hdl_file/soc/rooth_defines.v line 209, file: ./testbench/tb_rooth.v line 15)
`define CSR_MSCRATCH    12'h340 //提供一个上下文保存寄存器
                                                   |
ncvlog: *W,NONPRT (./hdl_file/soc/rooth_defines.v,209|51): non-printable character (0x8b) ignored.
(`include file: ./hdl_file/soc/rooth_defines.v line 209, file: ./testbench/tb_rooth.v line 15)
`define CSR_MSCRATCH    12'h340 //提供一个上下文保存寄存器
                                                    |
ncvlog: *W,NONPRT (./hdl_file/soc/rooth_defines.v,209|52): non-printable character (0xe6) ignored.
(`include file: ./hdl_file/soc/rooth_defines.v line 209, file: ./testbench/tb_rooth.v line 15)
`define CSR_MSCRATCH    12'h340 //提供一个上下文保存寄存器
                                                     |
ncvlog: *W,NONPRT (./hdl_file/soc/rooth_defines.v,209|53): non-printable character (0x96) ignored.
(`include file: ./hdl_file/soc/rooth_defines.v line 209, file: ./testbench/tb_rooth.v line 15)
`define CSR_MSCRATCH    12'h340 //提供一个上下文保存寄存器
                                                      |
ncvlog: *W,NONPRT (./hdl_file/soc/rooth_defines.v,209|54): non-printable character (0x87) ignored.
(`include file: ./hdl_file/soc/rooth_defines.v line 209, file: ./testbench/tb_rooth.v line 15)
`define CSR_MSCRATCH    12'h340 //提供一个上下文保存寄存器
                                                       |
ncvlog: *W,NONPRT (./hdl_file/soc/rooth_defines.v,209|55): non-printable character (0xe4) ignored.
(`include file: ./hdl_file/soc/rooth_defines.v line 209, file: ./testbench/tb_rooth.v line 15)
`define CSR_MSCRATCH    12'h340 //提供一个上下文保存寄存器
                                                        |
ncvlog: *W,NONPRT (./hdl_file/soc/rooth_defines.v,209|56): non-printable character (0xbf) ignored.
(`include file: ./hdl_file/soc/rooth_defines.v line 209, file: ./testbench/tb_rooth.v line 15)
`define CSR_MSCRATCH    12'h340 //提供一个上下文保存寄存器
                                                         |
ncvlog: *W,NONPRT (./hdl_file/soc/rooth_defines.v,209|57): non-printable character (0x9d) ignored.
(`include file: ./hdl_file/soc/rooth_defines.v line 209, file: ./testbench/tb_rooth.v line 15)
`define CSR_MSCRATCH    12'h340 //提供一个上下文保存寄存器
                                                          |
ncvlog: *W,NONPRT (./hdl_file/soc/rooth_defines.v,209|58): non-printable character (0xe5) ignored.
(`include file: ./hdl_file/soc/rooth_defines.v line 209, file: ./testbench/tb_rooth.v line 15)
`define CSR_MSCRATCH    12'h340 //提供一个上下文保存寄存器
                                                           |
ncvlog: *W,NONPRT (./hdl_file/soc/rooth_defines.v,209|59): non-printable character (0xad) ignored.
(`include file: ./hdl_file/soc/rooth_defines.v line 209, file: ./testbench/tb_rooth.v line 15)
`define CSR_MSCRATCH    12'h340 //提供一个上下文保存寄存器
                                                            |
ncvlog: *W,NONPRT (./hdl_file/soc/rooth_defines.v,209|60): non-printable character (0x98) ignored.
(`include file: ./hdl_file/soc/rooth_defines.v line 209, file: ./testbench/tb_rooth.v line 15)
`define CSR_MSCRATCH    12'h340 //提供一个上下文保存寄存器
                                                             |
ncvlog: *W,NONPRT (./hdl_file/soc/rooth_defines.v,209|61): non-printable character (0xe5) ignored.
(`include file: ./hdl_file/soc/rooth_defines.v line 209, file: ./testbench/tb_rooth.v line 15)
`define CSR_MSCRATCH    12'h340 //提供一个上下文保存寄存器
                                                              |
ncvlog: *W,NONPRT (./hdl_file/soc/rooth_defines.v,209|62): non-printable character (0xaf) ignored.
(`include file: ./hdl_file/soc/rooth_defines.v line 209, file: ./testbench/tb_rooth.v line 15)
`define CSR_MSCRATCH    12'h340 //提供一个上下文保存寄存器
                                                               |
ncvlog: *W,NONPRT (./hdl_file/soc/rooth_defines.v,209|63): non-printable character (0x84) ignored.
(`include file: ./hdl_file/soc/rooth_defines.v line 209, file: ./testbench/tb_rooth.v line 15)
`define CSR_MSCRATCH    12'h340 //提供一个上下文保存寄存器
                                                                |
ncvlog: *W,NONPRT (./hdl_file/soc/rooth_defines.v,209|64): non-printable character (0xe5) ignored.
(`include file: ./hdl_file/soc/rooth_defines.v line 209, file: ./testbench/tb_rooth.v line 15)
`define CSR_MSCRATCH    12'h340 //提供一个上下文保存寄存器
                                                                 |
ncvlog: *W,NONPRT (./hdl_file/soc/rooth_defines.v,209|65): non-printable character (0xad) ignored.
(`include file: ./hdl_file/soc/rooth_defines.v line 209, file: ./testbench/tb_rooth.v line 15)
`define CSR_MSCRATCH    12'h340 //提供一个上下文保存寄存器
                                                                  |
ncvlog: *W,NONPRT (./hdl_file/soc/rooth_defines.v,209|66): non-printable character (0x98) ignored.
(`include file: ./hdl_file/soc/rooth_defines.v line 209, file: ./testbench/tb_rooth.v line 15)
`define CSR_MSCRATCH    12'h340 //提供一个上下文保存寄存器
                                                                   |
ncvlog: *W,NONPRT (./hdl_file/soc/rooth_defines.v,209|67): non-printable character (0xe5) ignored.
(`include file: ./hdl_file/soc/rooth_defines.v line 209, file: ./testbench/tb_rooth.v line 15)
`define CSR_MSCRATCH    12'h340 //提供一个上下文保存寄存器
                                                                    |
ncvlog: *W,NONPRT (./hdl_file/soc/rooth_defines.v,209|68): non-printable character (0x99) ignored.
(`include file: ./hdl_file/soc/rooth_defines.v line 209, file: ./testbench/tb_rooth.v line 15)
`define CSR_MSCRATCH    12'h340 //提供一个上下文保存寄存器
                                                                     |
ncvlog: *W,NONPRT (./hdl_file/soc/rooth_defines.v,209|69): non-printable character (0xa8) ignored.
(`include file: ./hdl_file/soc/rooth_defines.v line 209, file: ./testbench/tb_rooth.v line 15)
ncvlog: Memory Usage - 20.9M program + 27.6M data = 48.5M total
ncvlog: CPU Usage - 0.0s system + 0.0s user = 0.0s total (0.0s, 100.0% cpu)
