#-----------------------------------------------------------
# Vivado v2019.2 (64-bit)
# SW Build 2708876 on Wed Nov  6 21:40:23 MST 2019
# IP Build 2700528 on Thu Nov  7 00:09:20 MST 2019
# Start of session at: Fri Mar  3 14:23:51 2023
# Process ID: 13588
# Current directory: D:/rooth/fpga/xilinx/ZYNQXC7Z020
# Command line: vivado.exe -gui_launcher_event rodinguilauncherevent14204 D:\rooth\fpga\xilinx\ZYNQXC7Z020\ZYNQXC7Z020.xpr
# Log file: D:/rooth/fpga/xilinx/ZYNQXC7Z020/vivado.log
# Journal file: D:/rooth/fpga/xilinx/ZYNQXC7Z020\vivado.jou
#-----------------------------------------------------------
start_gui
open_project D:/rooth/fpga/xilinx/ZYNQXC7Z020/ZYNQXC7Z020.xpr
Scanning sources...
Finished scanning sources
INFO: [IP_Flow 19-234] Refreshing IP repositories
INFO: [IP_Flow 19-1704] No user IP repositories specified
INFO: [IP_Flow 19-2313] Loaded Vivado IP repository 'C:/Xilinx/Vivado/2019.2/data/ip'.
open_project: Time (s): cpu = 00:00:07 ; elapsed = 00:00:07 . Memory (MB): peak = 945.590 ; gain = 278.613
update_compile_order -fileset sources_1
exit
INFO: [Common 17-206] Exiting Vivado at Fri Mar  3 14:28:01 2023...
